<?xml version="1.0" encoding="UTF-8"?>
<robot generator="Robot 5.0.1 (Python 3.11.0 on darwin)" generated="20230104 22:59:11.969" rpa="false" schemaversion="3">
<suite id="s1" name="PROJE" source="/Users/yusufrenkoglu/Desktop/PROJE">
<suite id="s1-s1" name="Tests" source="/Users/yusufrenkoglu/Desktop/PROJE/Tests">
<suite id="s1-s1-s1" name="GalaFurniture" source="/Users/yusufrenkoglu/Desktop/PROJE/Tests/GalaFurniture.robot">
<test id="s1-s1-s1-t1" name="Haber bultenine kayit ol" line="67">
<kw name="Open Browser" library="SeleniumLibrary" type="SETUP">
<arg>${URL}</arg>
<arg>${BROWSER}</arg>
<doc>Opens a new browser instance to the optional ``url``.</doc>
<msg timestamp="20230104 22:59:12.542" level="INFO">Opening browser 'chrome' to base url 'https://www.galafurn.com'.</msg>
<status status="PASS" starttime="20230104 22:59:12.541" endtime="20230104 22:59:16.050"/>
</kw>
<kw name="Sayfanin en altina git" library="HomePage">
<kw name="Execute Javascript" library="SeleniumLibrary">
<arg>window.scrollTo(0,10000)</arg>
<doc>Executes the given JavaScript code with possible arguments.</doc>
<msg timestamp="20230104 22:59:16.053" level="INFO">Executing JavaScript:
window.scrollTo(0,10000)
Without any arguments.</msg>
<status status="PASS" starttime="20230104 22:59:16.052" endtime="20230104 22:59:16.101"/>
</kw>
<status status="PASS" starttime="20230104 22:59:16.051" endtime="20230104 22:59:16.102"/>
</kw>
<kw name="Email adresini gir" library="HomePage">
<kw name="Input Text" library="SeleniumLibrary">
<arg>${haberBulteniInput}</arg>
<arg>${emailStr}</arg>
<doc>Types the given ``text`` into the text field identified by ``locator``.</doc>
<msg timestamp="20230104 22:59:16.103" level="INFO">Typing text 'ysfrnkgasdasl.qamail@gmail.com' into text field 'id=Email-footer-newsletter-section'.</msg>
<status status="PASS" starttime="20230104 22:59:16.103" endtime="20230104 22:59:16.381"/>
</kw>
<kw name="Press Keys" library="SeleniumLibrary">
<arg>${haberBulteniInput}</arg>
<arg>ENTER</arg>
<doc>Simulates the user pressing key(s) to an element or on the active browser.</doc>
<msg timestamp="20230104 22:59:16.383" level="INFO">Sending key(s) ('ENTER',) to id=Email-footer-newsletter-section element.</msg>
<msg timestamp="20230104 22:59:16.764" level="INFO">Pressing special key ENTER to element.</msg>
<msg timestamp="20230104 22:59:16.764" level="INFO">Releasing special key ENTER.</msg>
<status status="PASS" starttime="20230104 22:59:16.382" endtime="20230104 22:59:16.784"/>
</kw>
<kw name="Sleep" library="BuiltIn">
<arg>30</arg>
<doc>Pauses the test executed for the given time.</doc>
<msg timestamp="20230104 22:59:46.786" level="INFO">Slept 30 seconds</msg>
<status status="PASS" starttime="20230104 22:59:16.784" endtime="20230104 22:59:46.786"/>
</kw>
<status status="PASS" starttime="20230104 22:59:16.102" endtime="20230104 22:59:46.786"/>
</kw>
<kw name="Haber bultenine kayit oldugunu dogrula" library="HomePage">
<kw name="Get Text" library="SeleniumLibrary">
<var>${haberBulteniText}</var>
<arg>${haberBulteniDogrulama}</arg>
<doc>Returns the text value of the element identified by ``locator``.</doc>
<msg timestamp="20230104 22:59:46.814" level="INFO">${haberBulteniText} = Thanks for subscribing</msg>
<status status="PASS" starttime="20230104 22:59:46.787" endtime="20230104 22:59:46.815"/>
</kw>
<kw name="Should Contain" library="BuiltIn">
<arg>${haberBulteniText}</arg>
<arg>Thanks</arg>
<doc>Fails if ``container`` does not contain ``item`` one or more times.</doc>
<status status="PASS" starttime="20230104 22:59:46.815" endtime="20230104 22:59:46.816"/>
</kw>
<status status="PASS" starttime="20230104 22:59:46.787" endtime="20230104 22:59:46.816"/>
</kw>
<kw name="Close Browser" library="SeleniumLibrary" type="TEARDOWN">
<doc>Closes the current browser.</doc>
<status status="PASS" starttime="20230104 22:59:46.816" endtime="20230104 22:59:46.966"/>
</kw>
<status status="PASS" starttime="20230104 22:59:12.539" endtime="20230104 22:59:46.966"/>
</test>
<doc>GALA FURNITURE projesi</doc>
<status status="PASS" starttime="20230104 22:59:12.004" endtime="20230104 22:59:46.967"/>
</suite>
<status status="PASS" starttime="20230104 22:59:12.002" endtime="20230104 22:59:46.969"/>
</suite>
<status status="PASS" starttime="20230104 22:59:11.977" endtime="20230104 22:59:46.970"/>
</suite>
<statistics>
<total>
<stat pass="1" fail="0" skip="0">All Tests</stat>
</total>
<tag>
</tag>
<suite>
<stat pass="1" fail="0" skip="0" id="s1" name="PROJE">PROJE</stat>
<stat pass="1" fail="0" skip="0" id="s1-s1" name="Tests">PROJE.Tests</stat>
<stat pass="1" fail="0" skip="0" id="s1-s1-s1" name="GalaFurniture">PROJE.Tests.GalaFurniture</stat>
</suite>
</statistics>
<errors>
</errors>
</robot>
