<?xml version="1.0" encoding="UTF-8"?>
<robot generator="Robot 6.0.1 (Python 3.11.0 on darwin)" generated="20221230 23:07:36.543" rpa="false" schemaversion="3">
<suite id="s1" name="PROJE" source="/Users/yusufrenkoglu/Desktop/PROJE">
<suite id="s1-s1" name="Tests" source="/Users/yusufrenkoglu/Desktop/PROJE/Tests">
<suite id="s1-s1-s1" name="GalaFurniture" source="/Users/yusufrenkoglu/Desktop/PROJE/Tests/GalaFurniture.robot">
<test id="s1-s1-s1-t1" name="Pozitif urun arama testi" line="35">
<kw name="Open Browser" library="SeleniumLibrary" type="SETUP">
<arg>${URL}</arg>
<arg>${BROWSER}</arg>
<doc>Opens a new browser instance to the optional ``url``.</doc>
<msg timestamp="20221230 23:07:37.179" level="INFO">Opening browser 'chrome' to base url 'https://www.galafurn.com'.</msg>
<status status="PASS" starttime="20221230 23:07:37.177" endtime="20221230 23:07:41.552"/>
</kw>
<kw name="Search butonuna tikla" library="HomePage">
<kw name="Click Button" library="SeleniumLibrary">
<arg>${searchBtn}</arg>
<doc>Clicks the button identified by ``locator``.</doc>
<msg timestamp="20221230 23:07:41.555" level="INFO">Clicking button '//button[@aria-controls='SearchBar-header-top']'.</msg>
<status status="PASS" starttime="20221230 23:07:41.554" endtime="20221230 23:07:41.658"/>
</kw>
<kw name="Sleep" library="BuiltIn">
<arg>1</arg>
<doc>Pauses the test executed for the given time.</doc>
<msg timestamp="20221230 23:07:42.659" level="INFO">Slept 1 second</msg>
<status status="PASS" starttime="20221230 23:07:41.658" endtime="20221230 23:07:42.660"/>
</kw>
<status status="PASS" starttime="20221230 23:07:41.553" endtime="20221230 23:07:42.660"/>
</kw>
<kw name="Room aramasi yapin" library="HomePage">
<kw name="Input Text" library="SeleniumLibrary">
<arg>${searchBoxInput}</arg>
<arg>room</arg>
<doc>Types the given ``text`` into the text field identified by ``locator``.</doc>
<msg timestamp="20221230 23:07:42.662" level="INFO">Typing text 'room' into text field '(//input[@id='SearchBarInput-header-top'])[1]'.</msg>
<status status="PASS" starttime="20221230 23:07:42.661" endtime="20221230 23:07:42.854"/>
</kw>
<kw name="Press Keys" library="SeleniumLibrary">
<arg>${searchBoxInput}</arg>
<arg>ENTER</arg>
<doc>Simulates the user pressing key(s) to an element or on the active browser.</doc>
<msg timestamp="20221230 23:07:42.855" level="INFO">Sending key(s) ('ENTER',) to (//input[@id='SearchBarInput-header-top'])[1] element.</msg>
<msg timestamp="20221230 23:07:43.144" level="INFO">Pressing special key ENTER to element.</msg>
<msg timestamp="20221230 23:07:43.144" level="INFO">Releasing special key ENTER.</msg>
<status status="PASS" starttime="20221230 23:07:42.854" endtime="20221230 23:07:44.055"/>
</kw>
<kw name="Sleep" library="BuiltIn">
<arg>2</arg>
<doc>Pauses the test executed for the given time.</doc>
<msg timestamp="20221230 23:07:46.056" level="INFO">Slept 2 seconds</msg>
<status status="PASS" starttime="20221230 23:07:44.055" endtime="20221230 23:07:46.056"/>
</kw>
<status status="PASS" starttime="20221230 23:07:42.661" endtime="20221230 23:07:46.056"/>
</kw>
<kw name="Sonuclarin basariyla gorundugunu kontrol et" library="SearchPage">
<kw name="Get Text" library="SeleniumLibrary">
<var>${resultText}</var>
<arg>${searchResult}</arg>
<doc>Returns the text value of the element identified by ``locator``.</doc>
<msg timestamp="20221230 23:07:46.084" level="INFO">${resultText} = 14809 results found for “room”</msg>
<status status="PASS" starttime="20221230 23:07:46.057" endtime="20221230 23:07:46.084"/>
</kw>
<kw name="Log To Console" library="BuiltIn">
<arg>${resultText}</arg>
<doc>Logs the given message to the console.</doc>
<status status="PASS" starttime="20221230 23:07:46.084" endtime="20221230 23:07:46.085"/>
</kw>
<status status="PASS" starttime="20221230 23:07:46.057" endtime="20221230 23:07:46.085"/>
</kw>
<kw name="Close Browser" library="SeleniumLibrary" type="TEARDOWN">
<doc>Closes the current browser.</doc>
<status status="PASS" starttime="20221230 23:07:46.086" endtime="20221230 23:07:46.221"/>
</kw>
<status status="PASS" starttime="20221230 23:07:37.176" endtime="20221230 23:07:46.223"/>
</test>
<doc>GALA FURNITURE projesi</doc>
<status status="PASS" starttime="20221230 23:07:36.579" endtime="20221230 23:07:46.230"/>
</suite>
<status status="PASS" starttime="20221230 23:07:36.577" endtime="20221230 23:07:46.234"/>
</suite>
<status status="PASS" starttime="20221230 23:07:36.552" endtime="20221230 23:07:46.237"/>
</suite>
<statistics>
<total>
<stat pass="1" fail="0" skip="0">All Tests</stat>
</total>
<tag>
</tag>
<suite>
<stat pass="1" fail="0" skip="0" id="s1" name="PROJE">PROJE</stat>
<stat pass="1" fail="0" skip="0" id="s1-s1" name="Tests">PROJE.Tests</stat>
<stat pass="1" fail="0" skip="0" id="s1-s1-s1" name="GalaFurniture">PROJE.Tests.GalaFurniture</stat>
</suite>
</statistics>
<errors>
</errors>
</robot>
